<?xml version="1.0" encoding="UTF-8"?>
<testsuite name="CipherTest" tests="1" skipped="0" failures="0" errors="0" timestamp="2020-01-27T12:34:42" hostname="hillary-lenovo-v130-15igm" time="0.003">
  <properties/>
  <testcase name="Cipher_changePositionOfText_String" classname="CipherTest" time="0.003"/>
  <system-out><![CDATA[]]></system-out>
  <system-err><![CDATA[]]></system-err>
</testsuite>
